25/12/31 11:11:41 INFO flipkart_scraper: [flipkart_scraper] Starting Flipkart scraper
25/12/31 11:11:42 WARN flipkart_scraper: [flipkart_scraper] Product is out of stock Downshifter 13 Running Shoes For Women  (Black , 6)
25/12/31 11:11:42 INFO flipkart_scraper: [flipkart_scraper] Starting Flipkart scraper
25/12/31 11:11:43 INFO flipkart_scraper: [flipkart_scraper] Scraped Flipkart | Product: C1TY Sneakers For Men  (Grey , 7)
25/12/31 11:11:43 INFO flipkart_scraper: [flipkart_scraper] Starting Flipkart scraper
25/12/31 11:11:43 WARN flipkart_scraper: [flipkart_scraper] Product is out of stock Sneakers For Women  (Pink , 7)
25/12/31 11:11:43 INFO flipkart_scraper: [flipkart_scraper] Starting Flipkart scraper
25/12/31 11:11:44 INFO flipkart_scraper: [flipkart_scraper] Scraped Flipkart | Product: Killshot 2 Leather Sneakers For Men  (White , 8.5)
25/12/31 11:16:32 INFO flipkart_scraper: [flipkart_scraper] Starting Flipkart scraper
25/12/31 11:16:33 WARN flipkart_scraper: [flipkart_scraper] Product is out of stock Downshifter 13 Running Shoes For Women  (Black , 6)
25/12/31 11:16:33 INFO flipkart_scraper: [flipkart_scraper] Starting Flipkart scraper
25/12/31 11:16:34 INFO flipkart_scraper: [flipkart_scraper] Scraped Flipkart | Product: C1TY Sneakers For Men  (Grey , 7)
25/12/31 11:16:34 INFO flipkart_scraper: [flipkart_scraper] Starting Flipkart scraper
25/12/31 11:16:35 WARN flipkart_scraper: [flipkart_scraper] Product is out of stock Sneakers For Women  (Pink , 7)
25/12/31 11:16:35 INFO flipkart_scraper: [flipkart_scraper] Starting Flipkart scraper
25/12/31 11:16:36 INFO flipkart_scraper: [flipkart_scraper] Scraped Flipkart | Product: Killshot 2 Leather Sneakers For Men  (White , 8.5)
25/12/31 11:31:39 INFO flipkart_scraper: [flipkart_scraper] Starting Flipkart scraper
25/12/31 11:31:40 WARN flipkart_scraper: [flipkart_scraper] Product is out of stock Downshifter 13 Running Shoes For Women  (Black , 6)
25/12/31 11:31:40 INFO flipkart_scraper: [flipkart_scraper] Starting Flipkart scraper
25/12/31 11:31:41 INFO flipkart_scraper: [flipkart_scraper] Scraped Flipkart | Product: C1TY Sneakers For Men  (Grey , 7)
25/12/31 11:31:41 INFO flipkart_scraper: [flipkart_scraper] Starting Flipkart scraper
25/12/31 11:31:42 WARN flipkart_scraper: [flipkart_scraper] Product is out of stock Sneakers For Women  (Pink , 7)
25/12/31 11:31:42 INFO flipkart_scraper: [flipkart_scraper] Starting Flipkart scraper
25/12/31 11:31:43 INFO flipkart_scraper: [flipkart_scraper] Scraped Flipkart | Product: Killshot 2 Leather Sneakers For Men  (White , 8.5)
25/12/31 12:06:36 INFO flipkart_scraper: [flipkart_scraper] Starting Flipkart scraper
25/12/31 12:06:36 WARN flipkart_scraper: [flipkart_scraper] Product is out of stock Downshifter 13 Running Shoes For Women  (Black , 6)
25/12/31 12:06:36 INFO flipkart_scraper: [flipkart_scraper] Starting Flipkart scraper
25/12/31 12:06:37 WARN flipkart_scraper: [flipkart_scraper] Price or product details not found on https://www.flipkart.com/nike-c1ty-sneakers-men/p/itm32724af11099d?pid=SHOHDH84NG2GVZ3Y&lid=LSTSHOHDH84NG2GVZ3YSEWE9H&marketplace=FLIPKART&fm=factBasedRecommendation%2FrecentlyViewed&iid=R%3Arv%3Bpt%3App%3Buid%3A769247bf-8d7a-11f0-9307-258b510dc13d%3B.SHOHDH84NG2GVZ3Y&ppt=pp&ppn=pp&ssid=wsgzyrrbo4ucs2kg1756394844172&otracker=pp_reco_Recently%2BViewed_4_38.productCard.RECENTLY_VIEWED_NIKE%2BC1TY%2BSneakers%2BFor%2BMen_SHOHDH84NG2GVZ3Y_factBasedRecommendation%2FrecentlyViewed_3&otracker1=pp_reco_PINNED_factBasedRecommendation%2FrecentlyViewed_Recently%2BViewed_DESKTOP_HORIZONTAL_productCard_cc_4_NA_view-all&cid=SHOHDH84NG2GVZ3Y
25/12/31 12:06:37 INFO flipkart_scraper: [flipkart_scraper] Starting Flipkart scraper
25/12/31 12:06:37 WARN flipkart_scraper: [flipkart_scraper] Product is out of stock Sneakers For Women  (Pink , 7)
25/12/31 12:06:37 INFO flipkart_scraper: [flipkart_scraper] Starting Flipkart scraper
25/12/31 12:06:38 INFO flipkart_scraper: [flipkart_scraper] Scraped Flipkart | Product: Killshot 2 Leather Sneakers For Men  (White , 8.5)
25/12/31 12:19:36 INFO flipkart_scraper: [flipkart_scraper] Starting Flipkart scraper
25/12/31 12:19:36 WARN flipkart_scraper: [flipkart_scraper] Product is out of stock Downshifter 13 Running Shoes For Women  (Black , 6)
25/12/31 12:19:37 INFO flipkart_scraper: [flipkart_scraper] Starting Flipkart scraper
25/12/31 12:19:38 INFO flipkart_scraper: [flipkart_scraper] Scraped Flipkart | Product: C1TY Sneakers For Men  (Grey , 7)
25/12/31 12:19:38 INFO flipkart_scraper: [flipkart_scraper] Starting Flipkart scraper
25/12/31 12:19:39 WARN flipkart_scraper: [flipkart_scraper] Product is out of stock Sneakers For Women  (Pink , 7)
25/12/31 12:19:39 INFO flipkart_scraper: [flipkart_scraper] Starting Flipkart scraper
25/12/31 12:19:39 INFO flipkart_scraper: [flipkart_scraper] Scraped Flipkart | Product: Killshot 2 Leather Sneakers For Men  (White , 8.5)
25/12/31 17:20:52 INFO flipkart_scraper: [flipkart_scraper] Starting Flipkart scraper
25/12/31 17:20:53 WARN flipkart_scraper: [flipkart_scraper] Product is out of stock Downshifter 13 Running Shoes For Women  (Black , 6)
25/12/31 17:20:53 INFO flipkart_scraper: [flipkart_scraper] Starting Flipkart scraper
25/12/31 17:20:54 INFO flipkart_scraper: [flipkart_scraper] Scraped Flipkart | Product: C1TY Sneakers For Men  (Grey , 7)
25/12/31 17:20:54 INFO flipkart_scraper: [flipkart_scraper] Starting Flipkart scraper
25/12/31 17:20:54 WARN flipkart_scraper: [flipkart_scraper] Product is out of stock Sneakers For Women  (Pink , 7)
25/12/31 17:20:54 INFO flipkart_scraper: [flipkart_scraper] Starting Flipkart scraper
25/12/31 17:20:55 INFO flipkart_scraper: [flipkart_scraper] Scraped Flipkart | Product: Killshot 2 Leather Sneakers For Men  (White , 8.5)
25/12/31 17:28:17 INFO flipkart_scraper: [flipkart_scraper] Starting Flipkart scraper
25/12/31 17:28:17 WARN flipkart_scraper: [flipkart_scraper] Product is out of stock Downshifter 13 Running Shoes For Women  (Black , 6)
25/12/31 17:28:17 INFO flipkart_scraper: [flipkart_scraper] Starting Flipkart scraper
25/12/31 17:28:18 INFO flipkart_scraper: [flipkart_scraper] Scraped Flipkart | Product: C1TY Sneakers For Men  (Grey , 7)
25/12/31 17:28:18 INFO flipkart_scraper: [flipkart_scraper] Starting Flipkart scraper
25/12/31 17:28:19 WARN flipkart_scraper: [flipkart_scraper] Product is out of stock Sneakers For Women  (Pink , 7)
25/12/31 17:28:19 INFO flipkart_scraper: [flipkart_scraper] Starting Flipkart scraper
25/12/31 17:28:20 INFO flipkart_scraper: [flipkart_scraper] Scraped Flipkart | Product: Killshot 2 Leather Sneakers For Men  (White , 8.5)
25/12/31 17:33:25 INFO flipkart_scraper: [flipkart_scraper] Starting Flipkart scraper
25/12/31 17:33:26 WARN flipkart_scraper: [flipkart_scraper] Product is out of stock Downshifter 13 Running Shoes For Women  (Black , 6)
25/12/31 17:33:26 INFO flipkart_scraper: [flipkart_scraper] Starting Flipkart scraper
25/12/31 17:33:27 INFO flipkart_scraper: [flipkart_scraper] Scraped Flipkart | Product: C1TY Sneakers For Men  (Grey , 7)
25/12/31 17:33:27 INFO flipkart_scraper: [flipkart_scraper] Starting Flipkart scraper
25/12/31 17:33:27 WARN flipkart_scraper: [flipkart_scraper] Product is out of stock Sneakers For Women  (Pink , 7)
25/12/31 17:33:27 INFO flipkart_scraper: [flipkart_scraper] Starting Flipkart scraper
25/12/31 17:33:28 INFO flipkart_scraper: [flipkart_scraper] Scraped Flipkart | Product: Killshot 2 Leather Sneakers For Men  (White , 8.5)
25/12/31 17:38:38 INFO flipkart_scraper: [flipkart_scraper] Starting Flipkart scraper
25/12/31 17:38:39 WARN flipkart_scraper: [flipkart_scraper] Product is out of stock Downshifter 13 Running Shoes For Women  (Black , 6)
25/12/31 17:38:39 INFO flipkart_scraper: [flipkart_scraper] Starting Flipkart scraper
25/12/31 17:38:39 INFO flipkart_scraper: [flipkart_scraper] Scraped Flipkart | Product: C1TY Sneakers For Men  (Grey , 7)
25/12/31 17:38:39 INFO flipkart_scraper: [flipkart_scraper] Starting Flipkart scraper
25/12/31 17:38:40 WARN flipkart_scraper: [flipkart_scraper] Product is out of stock Sneakers For Women  (Pink , 7)
25/12/31 17:38:40 INFO flipkart_scraper: [flipkart_scraper] Starting Flipkart scraper
25/12/31 17:38:41 INFO flipkart_scraper: [flipkart_scraper] Scraped Flipkart | Product: Killshot 2 Leather Sneakers For Men  (White , 8.5)
25/12/31 17:38:44 INFO flipkart_scraper: [flipkart_scraper] Scraped 4 records from flipkart
25/12/31 17:40:04 INFO flipkart_scraper: [flipkart_scraper] Starting Flipkart scraper
25/12/31 17:40:04 WARN flipkart_scraper: [flipkart_scraper] Product is out of stock Downshifter 13 Running Shoes For Women  (Black , 6)
25/12/31 17:40:04 INFO flipkart_scraper: [flipkart_scraper] Starting Flipkart scraper
25/12/31 17:40:05 INFO flipkart_scraper: [flipkart_scraper] Scraped Flipkart | Product: C1TY Sneakers For Men  (Grey , 7)
25/12/31 17:40:05 INFO flipkart_scraper: [flipkart_scraper] Starting Flipkart scraper
25/12/31 17:40:06 WARN flipkart_scraper: [flipkart_scraper] Product is out of stock Sneakers For Women  (Pink , 7)
25/12/31 17:40:06 INFO flipkart_scraper: [flipkart_scraper] Starting Flipkart scraper
25/12/31 17:40:07 INFO flipkart_scraper: [flipkart_scraper] Scraped Flipkart | Product: Killshot 2 Leather Sneakers For Men  (White , 8.5)
25/12/31 17:40:10 INFO flipkart_scraper: [flipkart_scraper] Scraped 4 records from flipkart
25/12/31 17:43:09 INFO flipkart_scraper: [flipkart_scraper] Starting Flipkart scraper
25/12/31 17:43:09 WARN flipkart_scraper: [flipkart_scraper] Product is out of stock Downshifter 13 Running Shoes For Women  (Black , 6)
25/12/31 17:43:09 INFO flipkart_scraper: [flipkart_scraper] Starting Flipkart scraper
25/12/31 17:43:10 INFO flipkart_scraper: [flipkart_scraper] Scraped Flipkart | Product: C1TY Sneakers For Men  (Grey , 7)
25/12/31 17:43:10 INFO flipkart_scraper: [flipkart_scraper] Starting Flipkart scraper
25/12/31 17:43:11 WARN flipkart_scraper: [flipkart_scraper] Product is out of stock Sneakers For Women  (Pink , 7)
25/12/31 17:43:11 INFO flipkart_scraper: [flipkart_scraper] Starting Flipkart scraper
25/12/31 17:43:12 INFO flipkart_scraper: [flipkart_scraper] Scraped Flipkart | Product: Killshot 2 Leather Sneakers For Men  (White , 8.5)
25/12/31 17:43:15 INFO flipkart_scraper: [flipkart_scraper] Scraped 4 records from flipkart
25/12/31 17:55:01 INFO flipkart_scraper: [flipkart_scraper] Starting Flipkart scraper
25/12/31 17:55:02 WARN flipkart_scraper: [flipkart_scraper] Product is out of stock Downshifter 13 Running Shoes For Women  (Black , 6)
25/12/31 17:55:02 INFO flipkart_scraper: [flipkart_scraper] Starting Flipkart scraper
25/12/31 17:55:03 INFO flipkart_scraper: [flipkart_scraper] Scraped Flipkart | Product: C1TY Sneakers For Men  (Grey , 7)
25/12/31 17:55:03 INFO flipkart_scraper: [flipkart_scraper] Starting Flipkart scraper
25/12/31 17:55:03 WARN flipkart_scraper: [flipkart_scraper] Product is out of stock Sneakers For Women  (Pink , 7)
25/12/31 17:55:03 INFO flipkart_scraper: [flipkart_scraper] Starting Flipkart scraper
25/12/31 17:55:04 INFO flipkart_scraper: [flipkart_scraper] Scraped Flipkart | Product: Killshot 2 Leather Sneakers For Men  (White , 8.5)
25/12/31 18:15:08 INFO flipkart_scraper: [flipkart_scraper] Starting Flipkart scraper
25/12/31 18:15:09 WARN flipkart_scraper: [flipkart_scraper] Product is out of stock Downshifter 13 Running Shoes For Women  (Black , 6)
25/12/31 18:15:09 INFO flipkart_scraper: [flipkart_scraper] Starting Flipkart scraper
25/12/31 18:15:10 INFO flipkart_scraper: [flipkart_scraper] Scraped Flipkart | Product: C1TY Sneakers For Men  (Grey , 7)
25/12/31 18:15:10 INFO flipkart_scraper: [flipkart_scraper] Starting Flipkart scraper
25/12/31 18:15:11 WARN flipkart_scraper: [flipkart_scraper] Product is out of stock Sneakers For Women  (Pink , 7)
25/12/31 18:15:11 INFO flipkart_scraper: [flipkart_scraper] Starting Flipkart scraper
25/12/31 18:15:12 INFO flipkart_scraper: [flipkart_scraper] Scraped Flipkart | Product: Killshot 2 Leather Sneakers For Men  (White , 8.5)
25/12/31 18:23:59 INFO flipkart_scraper: [flipkart_scraper] Starting Flipkart scraper
25/12/31 18:23:59 WARN flipkart_scraper: [flipkart_scraper] Product is out of stock Downshifter 13 Running Shoes For Women  (Black , 6)
25/12/31 18:23:59 INFO flipkart_scraper: [flipkart_scraper] Starting Flipkart scraper
25/12/31 18:24:00 INFO flipkart_scraper: [flipkart_scraper] Scraped Flipkart | Product: C1TY Sneakers For Men  (Grey , 7)
25/12/31 18:24:00 INFO flipkart_scraper: [flipkart_scraper] Starting Flipkart scraper
25/12/31 18:24:01 WARN flipkart_scraper: [flipkart_scraper] Product is out of stock Sneakers For Women  (Pink , 7)
25/12/31 18:24:01 INFO flipkart_scraper: [flipkart_scraper] Starting Flipkart scraper
25/12/31 18:24:02 INFO flipkart_scraper: [flipkart_scraper] Scraped Flipkart | Product: Killshot 2 Leather Sneakers For Men  (White , 8.5)
25/12/31 18:31:47 INFO flipkart_scraper: [flipkart_scraper] Starting Flipkart scraper
25/12/31 18:31:47 WARN flipkart_scraper: [flipkart_scraper] Product is out of stock Downshifter 13 Running Shoes For Women  (Black , 6)
25/12/31 18:31:47 INFO flipkart_scraper: [flipkart_scraper] Starting Flipkart scraper
25/12/31 18:31:48 INFO flipkart_scraper: [flipkart_scraper] Scraped Flipkart | Product: C1TY Sneakers For Men  (Grey , 7)
25/12/31 18:31:48 INFO flipkart_scraper: [flipkart_scraper] Starting Flipkart scraper
25/12/31 18:31:49 WARN flipkart_scraper: [flipkart_scraper] Product is out of stock Sneakers For Women  (Pink , 7)
25/12/31 18:31:49 INFO flipkart_scraper: [flipkart_scraper] Starting Flipkart scraper
25/12/31 18:31:50 INFO flipkart_scraper: [flipkart_scraper] Scraped Flipkart | Product: Killshot 2 Leather Sneakers For Men  (White , 8.5)
25/12/31 18:38:52 INFO flipkart_scraper: [flipkart_scraper] Starting Flipkart scraper
25/12/31 18:38:53 WARN flipkart_scraper: [flipkart_scraper] Product is out of stock Downshifter 13 Running Shoes For Women  (Black , 6)
25/12/31 18:38:53 INFO flipkart_scraper: [flipkart_scraper] Starting Flipkart scraper
25/12/31 18:38:54 INFO flipkart_scraper: [flipkart_scraper] Scraped Flipkart | Product: C1TY Sneakers For Men  (Grey , 7)
25/12/31 18:38:54 INFO flipkart_scraper: [flipkart_scraper] Starting Flipkart scraper
25/12/31 18:38:54 WARN flipkart_scraper: [flipkart_scraper] Product is out of stock Sneakers For Women  (Pink , 7)
25/12/31 18:38:54 INFO flipkart_scraper: [flipkart_scraper] Starting Flipkart scraper
25/12/31 18:38:55 INFO flipkart_scraper: [flipkart_scraper] Scraped Flipkart | Product: Killshot 2 Leather Sneakers For Men  (White , 8.5)
25/12/31 18:44:06 INFO flipkart_scraper: [flipkart_scraper] Starting Flipkart scraper
25/12/31 18:44:07 WARN flipkart_scraper: [flipkart_scraper] Product is out of stock Downshifter 13 Running Shoes For Women  (Black , 6)
25/12/31 18:44:07 INFO flipkart_scraper: [flipkart_scraper] Starting Flipkart scraper
25/12/31 18:44:08 INFO flipkart_scraper: [flipkart_scraper] Scraped Flipkart | Product: C1TY Sneakers For Men  (Grey , 7)
25/12/31 18:44:08 INFO flipkart_scraper: [flipkart_scraper] Starting Flipkart scraper
25/12/31 18:44:09 WARN flipkart_scraper: [flipkart_scraper] Product is out of stock Sneakers For Women  (Pink , 7)
25/12/31 18:44:09 INFO flipkart_scraper: [flipkart_scraper] Starting Flipkart scraper
25/12/31 18:44:10 INFO flipkart_scraper: [flipkart_scraper] Scraped Flipkart | Product: Killshot 2 Leather Sneakers For Men  (White , 8.5)
25/12/31 18:51:22 INFO flipkart_scraper: [flipkart_scraper] Starting Flipkart scraper
25/12/31 18:51:23 WARN flipkart_scraper: [flipkart_scraper] Product is out of stock Downshifter 13 Running Shoes For Women  (Black , 6)
25/12/31 18:51:23 INFO flipkart_scraper: [flipkart_scraper] Starting Flipkart scraper
25/12/31 18:51:24 INFO flipkart_scraper: [flipkart_scraper] Scraped Flipkart | Product: C1TY Sneakers For Men  (Grey , 7)
25/12/31 18:51:24 INFO flipkart_scraper: [flipkart_scraper] Starting Flipkart scraper
25/12/31 18:51:25 WARN flipkart_scraper: [flipkart_scraper] Product is out of stock Sneakers For Women  (Pink , 7)
25/12/31 18:51:25 INFO flipkart_scraper: [flipkart_scraper] Starting Flipkart scraper
25/12/31 18:51:26 INFO flipkart_scraper: [flipkart_scraper] Scraped Flipkart | Product: Killshot 2 Leather Sneakers For Men  (White , 8.5)
25/12/31 19:00:49 INFO flipkart_scraper: [flipkart_scraper] Starting Flipkart scraper
25/12/31 19:00:49 WARN flipkart_scraper: [flipkart_scraper] Product is out of stock Downshifter 13 Running Shoes For Women  (Black , 6)
25/12/31 19:00:49 INFO flipkart_scraper: [flipkart_scraper] Starting Flipkart scraper
25/12/31 19:00:50 INFO flipkart_scraper: [flipkart_scraper] Scraped Flipkart | Product: C1TY Sneakers For Men  (Grey , 7)
25/12/31 19:00:50 INFO flipkart_scraper: [flipkart_scraper] Starting Flipkart scraper
25/12/31 19:00:51 WARN flipkart_scraper: [flipkart_scraper] Product is out of stock Sneakers For Women  (Pink , 7)
25/12/31 19:00:51 INFO flipkart_scraper: [flipkart_scraper] Starting Flipkart scraper
25/12/31 19:00:52 INFO flipkart_scraper: [flipkart_scraper] Scraped Flipkart | Product: Killshot 2 Leather Sneakers For Men  (White , 8.5)
25/12/31 19:09:39 INFO flipkart_scraper: [flipkart_scraper] Starting Flipkart scraper
25/12/31 19:09:40 WARN flipkart_scraper: [flipkart_scraper] Product is out of stock Downshifter 13 Running Shoes For Women  (Black , 6)
25/12/31 19:09:40 INFO flipkart_scraper: [flipkart_scraper] Starting Flipkart scraper
25/12/31 19:09:41 INFO flipkart_scraper: [flipkart_scraper] Scraped Flipkart | Product: C1TY Sneakers For Men  (Grey , 7)
25/12/31 19:09:41 INFO flipkart_scraper: [flipkart_scraper] Starting Flipkart scraper
25/12/31 19:09:42 WARN flipkart_scraper: [flipkart_scraper] Product is out of stock Sneakers For Women  (Pink , 7)
25/12/31 19:09:42 INFO flipkart_scraper: [flipkart_scraper] Starting Flipkart scraper
25/12/31 19:09:42 INFO flipkart_scraper: [flipkart_scraper] Scraped Flipkart | Product: Killshot 2 Leather Sneakers For Men  (White , 8.5)
25/12/31 19:12:38 INFO flipkart_scraper: [flipkart_scraper] Starting Flipkart scraper
25/12/31 19:12:39 WARN flipkart_scraper: [flipkart_scraper] Product is out of stock Downshifter 13 Running Shoes For Women  (Black , 6)
25/12/31 19:12:39 INFO flipkart_scraper: [flipkart_scraper] Starting Flipkart scraper
25/12/31 19:12:40 INFO flipkart_scraper: [flipkart_scraper] Scraped Flipkart | Product: C1TY Sneakers For Men  (Grey , 7)
25/12/31 19:12:40 INFO flipkart_scraper: [flipkart_scraper] Starting Flipkart scraper
25/12/31 19:12:41 WARN flipkart_scraper: [flipkart_scraper] Product is out of stock Sneakers For Women  (Pink , 7)
25/12/31 19:12:41 INFO flipkart_scraper: [flipkart_scraper] Starting Flipkart scraper
25/12/31 19:12:42 INFO flipkart_scraper: [flipkart_scraper] Scraped Flipkart | Product: Killshot 2 Leather Sneakers For Men  (White , 8.5)
25/12/31 19:14:53 INFO flipkart_scraper: [flipkart_scraper] Starting Flipkart scraper
25/12/31 19:14:54 WARN flipkart_scraper: [flipkart_scraper] Product is out of stock Downshifter 13 Running Shoes For Women  (Black , 6)
25/12/31 19:14:54 INFO flipkart_scraper: [flipkart_scraper] Starting Flipkart scraper
25/12/31 19:14:55 INFO flipkart_scraper: [flipkart_scraper] Scraped Flipkart | Product: C1TY Sneakers For Men  (Grey , 7)
25/12/31 19:14:55 INFO flipkart_scraper: [flipkart_scraper] Starting Flipkart scraper
25/12/31 19:14:56 WARN flipkart_scraper: [flipkart_scraper] Product is out of stock Sneakers For Women  (Pink , 7)
25/12/31 19:14:56 INFO flipkart_scraper: [flipkart_scraper] Starting Flipkart scraper
25/12/31 19:14:56 INFO flipkart_scraper: [flipkart_scraper] Scraped Flipkart | Product: Killshot 2 Leather Sneakers For Men  (White , 8.5)
25/12/31 19:17:41 INFO flipkart_scraper: [flipkart_scraper] Starting Flipkart scraper
25/12/31 19:17:42 WARN flipkart_scraper: [flipkart_scraper] Product is out of stock Downshifter 13 Running Shoes For Women  (Black , 6)
25/12/31 19:17:42 INFO flipkart_scraper: [flipkart_scraper] Starting Flipkart scraper
25/12/31 19:17:43 INFO flipkart_scraper: [flipkart_scraper] Scraped Flipkart | Product: C1TY Sneakers For Men  (Grey , 7)
25/12/31 19:17:43 INFO flipkart_scraper: [flipkart_scraper] Starting Flipkart scraper
25/12/31 19:17:44 WARN flipkart_scraper: [flipkart_scraper] Product is out of stock Sneakers For Women  (Pink , 7)
25/12/31 19:17:44 INFO flipkart_scraper: [flipkart_scraper] Starting Flipkart scraper
25/12/31 19:17:47 INFO flipkart_scraper: [flipkart_scraper] Scraped Flipkart | Product: Killshot 2 Leather Sneakers For Men  (White , 8.5)
25/12/31 19:20:09 INFO flipkart_scraper: [flipkart_scraper] Starting Flipkart scraper
25/12/31 19:20:10 WARN flipkart_scraper: [flipkart_scraper] Product is out of stock Downshifter 13 Running Shoes For Women  (Black , 6)
25/12/31 19:20:10 INFO flipkart_scraper: [flipkart_scraper] Starting Flipkart scraper
25/12/31 19:20:10 INFO flipkart_scraper: [flipkart_scraper] Scraped Flipkart | Product: C1TY Sneakers For Men  (Grey , 7)
25/12/31 19:20:10 INFO flipkart_scraper: [flipkart_scraper] Starting Flipkart scraper
25/12/31 19:20:11 WARN flipkart_scraper: [flipkart_scraper] Product is out of stock Sneakers For Women  (Pink , 7)
25/12/31 19:20:11 INFO flipkart_scraper: [flipkart_scraper] Starting Flipkart scraper
25/12/31 19:20:12 INFO flipkart_scraper: [flipkart_scraper] Scraped Flipkart | Product: Killshot 2 Leather Sneakers For Men  (White , 8.5)
25/12/31 19:23:11 INFO flipkart_scraper: [flipkart_scraper] Starting Flipkart scraper
25/12/31 19:23:12 WARN flipkart_scraper: [flipkart_scraper] Product is out of stock Downshifter 13 Running Shoes For Women  (Black , 6)
25/12/31 19:23:12 INFO flipkart_scraper: [flipkart_scraper] Starting Flipkart scraper
25/12/31 19:23:13 INFO flipkart_scraper: [flipkart_scraper] Scraped Flipkart | Product: C1TY Sneakers For Men  (Grey , 7)
25/12/31 19:23:13 INFO flipkart_scraper: [flipkart_scraper] Starting Flipkart scraper
25/12/31 19:23:14 WARN flipkart_scraper: [flipkart_scraper] Product is out of stock Sneakers For Women  (Pink , 7)
25/12/31 19:23:14 INFO flipkart_scraper: [flipkart_scraper] Starting Flipkart scraper
25/12/31 19:23:15 INFO flipkart_scraper: [flipkart_scraper] Scraped Flipkart | Product: Killshot 2 Leather Sneakers For Men  (White , 8.5)
25/12/31 19:34:32 INFO flipkart_scraper: [flipkart_scraper] Starting Flipkart scraper
25/12/31 19:34:33 WARN flipkart_scraper: [flipkart_scraper] Product is out of stock Downshifter 13 Running Shoes For Women  (Black , 6)
25/12/31 19:34:33 INFO flipkart_scraper: [flipkart_scraper] Starting Flipkart scraper
25/12/31 19:34:34 INFO flipkart_scraper: [flipkart_scraper] Scraped Flipkart | Product: C1TY Sneakers For Men  (Grey , 7)
25/12/31 19:34:34 INFO flipkart_scraper: [flipkart_scraper] Starting Flipkart scraper
25/12/31 19:34:34 WARN flipkart_scraper: [flipkart_scraper] Product is out of stock Sneakers For Women  (Pink , 7)
25/12/31 19:34:34 INFO flipkart_scraper: [flipkart_scraper] Starting Flipkart scraper
25/12/31 19:34:35 INFO flipkart_scraper: [flipkart_scraper] Scraped Flipkart | Product: Killshot 2 Leather Sneakers For Men  (White , 8.5)
25/12/31 19:35:13 INFO flipkart_scraper: [flipkart_scraper] Starting Flipkart scraper
25/12/31 19:35:14 WARN flipkart_scraper: [flipkart_scraper] Product is out of stock Downshifter 13 Running Shoes For Women  (Black , 6)
25/12/31 19:35:14 INFO flipkart_scraper: [flipkart_scraper] Starting Flipkart scraper
25/12/31 19:35:14 INFO flipkart_scraper: [flipkart_scraper] Scraped Flipkart | Product: C1TY Sneakers For Men  (Grey , 7)
25/12/31 19:35:15 INFO flipkart_scraper: [flipkart_scraper] Starting Flipkart scraper
25/12/31 19:35:16 WARN flipkart_scraper: [flipkart_scraper] Product is out of stock Sneakers For Women  (Pink , 7)
25/12/31 19:35:16 INFO flipkart_scraper: [flipkart_scraper] Starting Flipkart scraper
25/12/31 19:35:16 INFO flipkart_scraper: [flipkart_scraper] Scraped Flipkart | Product: Killshot 2 Leather Sneakers For Men  (White , 8.5)
25/12/31 19:37:37 INFO flipkart_scraper: [flipkart_scraper] Starting Flipkart scraper
25/12/31 19:37:37 WARN flipkart_scraper: [flipkart_scraper] Product is out of stock Downshifter 13 Running Shoes For Women  (Black , 6)
25/12/31 19:37:37 INFO flipkart_scraper: [flipkart_scraper] Starting Flipkart scraper
25/12/31 19:37:38 INFO flipkart_scraper: [flipkart_scraper] Scraped Flipkart | Product: C1TY Sneakers For Men  (Grey , 7)
25/12/31 19:37:38 INFO flipkart_scraper: [flipkart_scraper] Starting Flipkart scraper
25/12/31 19:37:39 WARN flipkart_scraper: [flipkart_scraper] Product is out of stock Sneakers For Women  (Pink , 7)
25/12/31 19:37:39 INFO flipkart_scraper: [flipkart_scraper] Starting Flipkart scraper
25/12/31 19:37:40 INFO flipkart_scraper: [flipkart_scraper] Scraped Flipkart | Product: Killshot 2 Leather Sneakers For Men  (White , 8.5)
25/12/31 20:10:22 INFO flipkart_scraper: [flipkart_scraper] Starting Flipkart scraper
25/12/31 20:10:23 WARN flipkart_scraper: [flipkart_scraper] Product is out of stock Downshifter 13 Running Shoes For Women  (Black , 6)
25/12/31 20:10:23 INFO flipkart_scraper: [flipkart_scraper] Starting Flipkart scraper
25/12/31 20:10:24 INFO flipkart_scraper: [flipkart_scraper] Scraped Flipkart | Product: C1TY Sneakers For Men  (Grey , 7)
25/12/31 20:10:24 INFO flipkart_scraper: [flipkart_scraper] Starting Flipkart scraper
25/12/31 20:10:25 WARN flipkart_scraper: [flipkart_scraper] Product is out of stock Sneakers For Women  (Pink , 7)
25/12/31 20:10:25 INFO flipkart_scraper: [flipkart_scraper] Starting Flipkart scraper
25/12/31 20:10:26 INFO flipkart_scraper: [flipkart_scraper] Scraped Flipkart | Product: Killshot 2 Leather Sneakers For Men  (White , 8.5)
25/12/31 20:17:25 INFO flipkart_scraper: [flipkart_scraper] Starting Flipkart scraper
25/12/31 20:17:26 WARN flipkart_scraper: [flipkart_scraper] Product is out of stock Downshifter 13 Running Shoes For Women  (Black , 6)
25/12/31 20:17:26 INFO flipkart_scraper: [flipkart_scraper] Starting Flipkart scraper
25/12/31 20:17:26 INFO flipkart_scraper: [flipkart_scraper] Scraped Flipkart | Product: C1TY Sneakers For Men  (Grey , 7)
25/12/31 20:17:26 INFO flipkart_scraper: [flipkart_scraper] Starting Flipkart scraper
25/12/31 20:17:27 WARN flipkart_scraper: [flipkart_scraper] Product is out of stock Sneakers For Women  (Pink , 7)
25/12/31 20:17:27 INFO flipkart_scraper: [flipkart_scraper] Starting Flipkart scraper
25/12/31 20:17:28 INFO flipkart_scraper: [flipkart_scraper] Scraped Flipkart | Product: Killshot 2 Leather Sneakers For Men  (White , 8.5)
25/12/31 20:20:00 INFO flipkart_scraper: [flipkart_scraper] Starting Flipkart scraper
25/12/31 20:20:01 WARN flipkart_scraper: [flipkart_scraper] Product is out of stock Downshifter 13 Running Shoes For Women  (Black , 6)
25/12/31 20:20:01 INFO flipkart_scraper: [flipkart_scraper] Starting Flipkart scraper
25/12/31 20:20:02 INFO flipkart_scraper: [flipkart_scraper] Scraped Flipkart | Product: C1TY Sneakers For Men  (Grey , 7)
25/12/31 20:20:02 INFO flipkart_scraper: [flipkart_scraper] Starting Flipkart scraper
25/12/31 20:20:02 WARN flipkart_scraper: [flipkart_scraper] Product is out of stock Sneakers For Women  (Pink , 7)
25/12/31 20:20:02 INFO flipkart_scraper: [flipkart_scraper] Starting Flipkart scraper
25/12/31 20:20:04 INFO flipkart_scraper: [flipkart_scraper] Scraped Flipkart | Product: Killshot 2 Leather Sneakers For Men  (White , 8.5)
25/12/31 20:27:30 INFO flipkart_scraper: [flipkart_scraper] Starting Flipkart scraper
25/12/31 20:27:31 WARN flipkart_scraper: [flipkart_scraper] Product is out of stock Downshifter 13 Running Shoes For Women  (Black , 6)
25/12/31 20:27:31 INFO flipkart_scraper: [flipkart_scraper] Starting Flipkart scraper
25/12/31 20:27:32 INFO flipkart_scraper: [flipkart_scraper] Scraped Flipkart | Product: C1TY Sneakers For Men  (Grey , 7)
25/12/31 20:27:32 INFO flipkart_scraper: [flipkart_scraper] Starting Flipkart scraper
25/12/31 20:27:33 WARN flipkart_scraper: [flipkart_scraper] Product is out of stock Sneakers For Women  (Pink , 7)
25/12/31 20:27:33 INFO flipkart_scraper: [flipkart_scraper] Starting Flipkart scraper
25/12/31 20:27:33 INFO flipkart_scraper: [flipkart_scraper] Scraped Flipkart | Product: Killshot 2 Leather Sneakers For Men  (White , 8.5)
25/12/31 20:30:33 INFO flipkart_scraper: [flipkart_scraper] Starting Flipkart scraper
25/12/31 20:30:33 WARN flipkart_scraper: [flipkart_scraper] Product is out of stock Downshifter 13 Running Shoes For Women  (Black , 6)
25/12/31 20:30:33 INFO flipkart_scraper: [flipkart_scraper] Starting Flipkart scraper
25/12/31 20:30:34 INFO flipkart_scraper: [flipkart_scraper] Scraped Flipkart | Product: C1TY Sneakers For Men  (Grey , 7)
25/12/31 20:30:34 INFO flipkart_scraper: [flipkart_scraper] Starting Flipkart scraper
25/12/31 20:30:35 WARN flipkart_scraper: [flipkart_scraper] Product is out of stock Sneakers For Women  (Pink , 7)
25/12/31 20:30:35 INFO flipkart_scraper: [flipkart_scraper] Starting Flipkart scraper
25/12/31 20:30:36 INFO flipkart_scraper: [flipkart_scraper] Scraped Flipkart | Product: Killshot 2 Leather Sneakers For Men  (White , 8.5)
25/12/31 20:31:07 INFO flipkart_scraper: [flipkart_scraper] Starting Flipkart scraper
25/12/31 20:31:07 WARN flipkart_scraper: [flipkart_scraper] Product is out of stock Downshifter 13 Running Shoes For Women  (Black , 6)
25/12/31 20:31:07 INFO flipkart_scraper: [flipkart_scraper] Starting Flipkart scraper
25/12/31 20:31:08 INFO flipkart_scraper: [flipkart_scraper] Scraped Flipkart | Product: C1TY Sneakers For Men  (Grey , 7)
25/12/31 20:31:08 INFO flipkart_scraper: [flipkart_scraper] Starting Flipkart scraper
25/12/31 20:31:09 WARN flipkart_scraper: [flipkart_scraper] Product is out of stock Sneakers For Women  (Pink , 7)
25/12/31 20:31:09 INFO flipkart_scraper: [flipkart_scraper] Starting Flipkart scraper
25/12/31 20:31:10 INFO flipkart_scraper: [flipkart_scraper] Scraped Flipkart | Product: Killshot 2 Leather Sneakers For Men  (White , 8.5)
25/12/31 20:35:24 INFO flipkart_scraper: [flipkart_scraper] Starting Flipkart scraper
25/12/31 20:35:25 WARN flipkart_scraper: [flipkart_scraper] Product is out of stock Downshifter 13 Running Shoes For Women  (Black , 6)
25/12/31 20:35:25 INFO flipkart_scraper: [flipkart_scraper] Starting Flipkart scraper
25/12/31 20:35:26 INFO flipkart_scraper: [flipkart_scraper] Scraped Flipkart | Product: C1TY Sneakers For Men  (Grey , 7)
25/12/31 20:35:26 INFO flipkart_scraper: [flipkart_scraper] Starting Flipkart scraper
25/12/31 20:35:27 WARN flipkart_scraper: [flipkart_scraper] Product is out of stock Sneakers For Women  (Pink , 7)
25/12/31 20:35:27 INFO flipkart_scraper: [flipkart_scraper] Starting Flipkart scraper
25/12/31 20:35:27 INFO flipkart_scraper: [flipkart_scraper] Scraped Flipkart | Product: Killshot 2 Leather Sneakers For Men  (White , 8.5)
25/12/31 20:40:29 INFO flipkart_scraper: [flipkart_scraper] Starting Flipkart scraper
25/12/31 20:40:29 WARN flipkart_scraper: [flipkart_scraper] Product is out of stock Downshifter 13 Running Shoes For Women  (Black , 6)
25/12/31 20:40:29 INFO flipkart_scraper: [flipkart_scraper] Starting Flipkart scraper
25/12/31 20:40:30 INFO flipkart_scraper: [flipkart_scraper] Scraped Flipkart | Product: C1TY Sneakers For Men  (Grey , 7)
25/12/31 20:40:30 INFO flipkart_scraper: [flipkart_scraper] Starting Flipkart scraper
25/12/31 20:40:31 WARN flipkart_scraper: [flipkart_scraper] Product is out of stock Sneakers For Women  (Pink , 7)
25/12/31 20:40:31 INFO flipkart_scraper: [flipkart_scraper] Starting Flipkart scraper
25/12/31 20:40:32 INFO flipkart_scraper: [flipkart_scraper] Scraped Flipkart | Product: Killshot 2 Leather Sneakers For Men  (White , 8.5)
25/12/31 20:41:46 INFO flipkart_scraper: [flipkart_scraper] Starting Flipkart scraper
25/12/31 20:41:47 WARN flipkart_scraper: [flipkart_scraper] Product is out of stock Downshifter 13 Running Shoes For Women  (Black , 6)
25/12/31 20:41:47 INFO flipkart_scraper: [flipkart_scraper] Starting Flipkart scraper
25/12/31 20:41:48 INFO flipkart_scraper: [flipkart_scraper] Scraped Flipkart | Product: C1TY Sneakers For Men  (Grey , 7)
25/12/31 20:41:48 INFO flipkart_scraper: [flipkart_scraper] Starting Flipkart scraper
25/12/31 20:41:49 WARN flipkart_scraper: [flipkart_scraper] Product is out of stock Sneakers For Women  (Pink , 7)
25/12/31 20:41:49 INFO flipkart_scraper: [flipkart_scraper] Starting Flipkart scraper
25/12/31 20:41:50 INFO flipkart_scraper: [flipkart_scraper] Scraped Flipkart | Product: Killshot 2 Leather Sneakers For Men  (White , 8.5)
25/12/31 20:46:17 INFO flipkart_scraper: [flipkart_scraper] Starting Flipkart scraper
25/12/31 20:46:18 WARN flipkart_scraper: [flipkart_scraper] Product is out of stock Downshifter 13 Running Shoes For Women  (Black , 6)
25/12/31 20:46:18 INFO flipkart_scraper: [flipkart_scraper] Starting Flipkart scraper
25/12/31 20:46:18 INFO flipkart_scraper: [flipkart_scraper] Scraped Flipkart | Product: C1TY Sneakers For Men  (Grey , 7)
25/12/31 20:46:18 INFO flipkart_scraper: [flipkart_scraper] Starting Flipkart scraper
25/12/31 20:46:19 WARN flipkart_scraper: [flipkart_scraper] Product is out of stock Sneakers For Women  (Pink , 7)
25/12/31 20:46:19 INFO flipkart_scraper: [flipkart_scraper] Starting Flipkart scraper
25/12/31 20:46:20 INFO flipkart_scraper: [flipkart_scraper] Scraped Flipkart | Product: Killshot 2 Leather Sneakers For Men  (White , 8.5)
25/12/31 20:48:36 INFO flipkart_scraper: [flipkart_scraper] Starting Flipkart scraper
25/12/31 20:48:37 WARN flipkart_scraper: [flipkart_scraper] Product is out of stock Downshifter 13 Running Shoes For Women  (Black , 6)
25/12/31 20:48:37 INFO flipkart_scraper: [flipkart_scraper] Starting Flipkart scraper
25/12/31 20:48:38 INFO flipkart_scraper: [flipkart_scraper] Scraped Flipkart | Product: C1TY Sneakers For Men  (Grey , 7)
25/12/31 20:48:38 INFO flipkart_scraper: [flipkart_scraper] Starting Flipkart scraper
25/12/31 20:48:39 WARN flipkart_scraper: [flipkart_scraper] Product is out of stock Sneakers For Women  (Pink , 7)
25/12/31 20:48:39 INFO flipkart_scraper: [flipkart_scraper] Starting Flipkart scraper
25/12/31 20:48:39 INFO flipkart_scraper: [flipkart_scraper] Scraped Flipkart | Product: Killshot 2 Leather Sneakers For Men  (White , 8.5)
25/12/31 20:51:36 INFO flipkart_scraper: [flipkart_scraper] Starting Flipkart scraper
25/12/31 20:51:37 WARN flipkart_scraper: [flipkart_scraper] Product is out of stock Downshifter 13 Running Shoes For Women  (Black , 6)
25/12/31 20:51:37 INFO flipkart_scraper: [flipkart_scraper] Starting Flipkart scraper
25/12/31 20:51:38 INFO flipkart_scraper: [flipkart_scraper] Scraped Flipkart | Product: C1TY Sneakers For Men  (Grey , 7)
25/12/31 20:51:38 INFO flipkart_scraper: [flipkart_scraper] Starting Flipkart scraper
25/12/31 20:51:38 WARN flipkart_scraper: [flipkart_scraper] Product is out of stock Sneakers For Women  (Pink , 7)
25/12/31 20:51:38 INFO flipkart_scraper: [flipkart_scraper] Starting Flipkart scraper
25/12/31 20:51:39 INFO flipkart_scraper: [flipkart_scraper] Scraped Flipkart | Product: Killshot 2 Leather Sneakers For Men  (White , 8.5)
25/12/31 20:55:15 INFO flipkart_scraper: [flipkart_scraper] Starting Flipkart scraper
25/12/31 20:55:15 WARN flipkart_scraper: [flipkart_scraper] Product is out of stock Downshifter 13 Running Shoes For Women  (Black , 6)
25/12/31 20:55:15 INFO flipkart_scraper: [flipkart_scraper] Starting Flipkart scraper
25/12/31 20:55:16 INFO flipkart_scraper: [flipkart_scraper] Scraped Flipkart | Product: C1TY Sneakers For Men  (Grey , 7)
25/12/31 20:55:16 INFO flipkart_scraper: [flipkart_scraper] Starting Flipkart scraper
25/12/31 20:55:17 WARN flipkart_scraper: [flipkart_scraper] Product is out of stock Sneakers For Women  (Pink , 7)
25/12/31 20:55:17 INFO flipkart_scraper: [flipkart_scraper] Starting Flipkart scraper
25/12/31 20:55:18 INFO flipkart_scraper: [flipkart_scraper] Scraped Flipkart | Product: Killshot 2 Leather Sneakers For Men  (White , 8.5)
25/12/31 21:26:26 INFO flipkart_scraper: [flipkart_scraper] Starting Flipkart scraper
25/12/31 21:26:27 WARN flipkart_scraper: [flipkart_scraper] Product is out of stock Downshifter 13 Running Shoes For Women  (Black , 6)
25/12/31 21:26:27 INFO flipkart_scraper: [flipkart_scraper] Starting Flipkart scraper
25/12/31 21:26:28 INFO flipkart_scraper: [flipkart_scraper] Scraped Flipkart | Product: C1TY Sneakers For Men  (Grey , 7)
25/12/31 21:26:28 INFO flipkart_scraper: [flipkart_scraper] Starting Flipkart scraper
25/12/31 21:26:29 WARN flipkart_scraper: [flipkart_scraper] Product is out of stock Sneakers For Women  (Pink , 7)
25/12/31 21:26:29 INFO flipkart_scraper: [flipkart_scraper] Starting Flipkart scraper
25/12/31 21:26:29 INFO flipkart_scraper: [flipkart_scraper] Scraped Flipkart | Product: Killshot 2 Leather Sneakers For Men  (White , 8.5)
25/12/31 21:42:12 INFO flipkart_scraper: [flipkart_scraper] Starting Flipkart scraper
25/12/31 21:42:12 WARN flipkart_scraper: [flipkart_scraper] Product is out of stock Downshifter 13 Running Shoes For Women  (Black , 6)
25/12/31 21:42:12 INFO flipkart_scraper: [flipkart_scraper] Starting Flipkart scraper
25/12/31 21:42:13 INFO flipkart_scraper: [flipkart_scraper] Scraped Flipkart | Product: C1TY Sneakers For Men  (Grey , 7)
25/12/31 21:42:13 INFO flipkart_scraper: [flipkart_scraper] Starting Flipkart scraper
25/12/31 21:42:14 WARN flipkart_scraper: [flipkart_scraper] Product is out of stock Sneakers For Women  (Pink , 7)
25/12/31 21:42:14 INFO flipkart_scraper: [flipkart_scraper] Starting Flipkart scraper
25/12/31 21:42:15 INFO flipkart_scraper: [flipkart_scraper] Scraped Flipkart | Product: Killshot 2 Leather Sneakers For Men  (White , 8.5)
25/12/31 22:49:18 INFO flipkart_scraper: [flipkart_scraper] Starting Flipkart scraper
25/12/31 22:49:18 WARN flipkart_scraper: [flipkart_scraper] Product is out of stock Downshifter 13 Running Shoes For Women  (Black , 6)
25/12/31 22:49:18 INFO flipkart_scraper: [flipkart_scraper] Starting Flipkart scraper
25/12/31 22:49:19 INFO flipkart_scraper: [flipkart_scraper] Scraped Flipkart | Product: C1TY Sneakers For Men  (Grey , 7)
25/12/31 22:49:19 INFO flipkart_scraper: [flipkart_scraper] Starting Flipkart scraper
25/12/31 22:49:20 WARN flipkart_scraper: [flipkart_scraper] Product is out of stock Sneakers For Women  (Pink , 7)
25/12/31 22:49:20 INFO flipkart_scraper: [flipkart_scraper] Starting Flipkart scraper
25/12/31 22:49:21 INFO flipkart_scraper: [flipkart_scraper] Scraped Flipkart | Product: Killshot 2 Leather Sneakers For Men  (White , 8.5)
