26/01/03 18:46:24 INFO smart-price-tracker: [smart-price-tracker] Starting Smart Price Tracker pipeline
26/01/03 18:46:24 INFO smart-price-tracker: [smart-price-tracker] Running Flipkart scraper
26/01/03 18:46:29 INFO smart-price-tracker: [smart-price-tracker] Running Ajio scraper
26/01/03 18:47:28 INFO smart-price-tracker: [smart-price-tracker] Unioning scraped data in staging
26/01/03 18:47:33 INFO smart-price-tracker: [smart-price-tracker] Staging record count = 8
26/01/03 18:47:33 INFO smart-price-tracker: [smart-price-tracker] Cleaning and normalizing raw data
26/01/03 18:47:34 WARN smart-price-tracker: [smart-price-tracker] Dropping 2 records due to missing selling price
26/01/03 18:47:34 INFO smart-price-tracker: [smart-price-tracker] RAW data validation passed
26/01/03 18:47:34 INFO smart-price-tracker: [smart-price-tracker] Writing validated RAW data to ADLS
26/01/03 18:47:40 INFO smart-price-tracker: [smart-price-tracker] RAW write completed
26/01/03 18:47:40 INFO smart-price-tracker: [smart-price-tracker] Filtering valid records
26/01/03 18:47:40 INFO smart-price-tracker: [smart-price-tracker] Adding final MRP
26/01/03 18:47:40 INFO smart-price-tracker: [smart-price-tracker] Calculating discount percentages
26/01/03 18:47:42 INFO smart-price-tracker: [smart-price-tracker] Silver record count = 6
26/01/03 18:47:42 INFO smart-price-tracker: [smart-price-tracker] Writing Silver layer idempotently
26/01/03 18:47:58 INFO smart-price-tracker: [smart-price-tracker] Generating BUY signals
26/01/03 18:48:00 INFO smart-price-tracker: [smart-price-tracker] Found 5 BUY signals
26/01/03 18:48:09 INFO smart-price-tracker: [smart-price-tracker] Gold alerts written successfully
26/01/03 18:48:09 INFO smart-price-tracker: [smart-price-tracker] Sending Emails to users to alert the price drop
26/01/03 18:48:14 INFO smart-price-tracker: [smart-price-tracker] Sent 5 email alerts
26/01/03 18:48:14 INFO smart-price-tracker: [smart-price-tracker] Pipeline execution finished successfully
